<?xml version="1.0" encoding="UTF-8"?>
<!-- Generated by org.testng.reporters.JUnitReportReporter -->
<testsuite hostname="DESKTOP-D71KVLH" failures="0" tests="2" name="com.GoAutoBanking.Testcases.TC_LoginDDT_002" time="17.237" errors="0" timestamp="2024-07-23T17:30:15 IST" skipped="0">
  <testcase classname="com.GoAutoBanking.Testcases.TC_LoginDDT_002" name="LoginDDT" time="8.233"/>
  <system-out/>
  <testcase classname="com.GoAutoBanking.Testcases.TC_LoginDDT_002" name="LoginDDT" time="9.004"/>
  <system-out/>
</testsuite> <!-- com.GoAutoBanking.Testcases.TC_LoginDDT_002 -->
