<?xml version="1.0" encoding="UTF-8"?>
<!-- Generated by org.testng.reporters.JUnitReportReporter -->
<testsuite hostname="DESKTOP-D71KVLH" failures="0" tests="1" name="com.GoAutoBanking.Testcases.TC_loginTest_001" time="2.372" errors="0" timestamp="2024-07-25T10:58:28 IST" skipped="0">
  <testcase classname="com.GoAutoBanking.Testcases.TC_loginTest_001" name="LoginCheck" time="2.372"/>
  <system-out/>
</testsuite> <!-- com.GoAutoBanking.Testcases.TC_loginTest_001 -->
